0 info it worked if it ends with ok
1 verbose cli [ '/usr/local/bin/node',
1 verbose cli   '/usr/local/bin/npm',
1 verbose cli   'install',
1 verbose cli   'handlebars',
1 verbose cli   '-g' ]
2 info using npm@2.15.9
3 info using node@v4.6.0
4 verbose install initial load of /usr/local/lib/package.json
5 verbose readDependencies loading dependencies from /usr/local/lib/package.json
6 silly cache add args [ 'handlebars', null ]
7 verbose cache add spec handlebars
8 silly cache add parsed spec Result {
8 silly cache add   raw: 'handlebars',
8 silly cache add   scope: null,
8 silly cache add   name: 'handlebars',
8 silly cache add   rawSpec: '',
8 silly cache add   spec: 'latest',
8 silly cache add   type: 'tag' }
9 silly addNamed handlebars@latest
10 verbose addNamed "latest" is being treated as a dist-tag for handlebars
11 info addNameTag [ 'handlebars', 'latest' ]
12 silly mapToRegistry name handlebars
13 silly mapToRegistry using default registry
14 silly mapToRegistry registry https://registry.npmjs.org/
15 silly mapToRegistry data Result {
15 silly mapToRegistry   raw: 'handlebars',
15 silly mapToRegistry   scope: null,
15 silly mapToRegistry   name: 'handlebars',
15 silly mapToRegistry   rawSpec: '',
15 silly mapToRegistry   spec: 'latest',
15 silly mapToRegistry   type: 'tag' }
16 silly mapToRegistry uri https://registry.npmjs.org/handlebars
17 verbose addNameTag registry:https://registry.npmjs.org/handlebars not in flight; fetching
18 verbose request uri https://registry.npmjs.org/handlebars
19 verbose request no auth needed
20 info attempt registry request try #1 at 11:32:12 AM
21 verbose request id a371dbda247e0034
22 verbose etag "BPQNFZGUDO46G7IGR9WA4QMCD"
23 http request GET https://registry.npmjs.org/handlebars
24 http 200 https://registry.npmjs.org/handlebars
25 verbose headers { server: 'nginx/1.10.1',
25 verbose headers   'content-type': 'application/json',
25 verbose headers   'last-modified': 'Sun, 13 Nov 2016 01:27:44 GMT',
25 verbose headers   etag: 'W/"5827c190-fc8c"',
25 verbose headers   'content-encoding': 'gzip',
25 verbose headers   'cache-control': 'max-age=300',
25 verbose headers   'content-length': '9120',
25 verbose headers   'accept-ranges': 'bytes',
25 verbose headers   date: 'Wed, 16 Nov 2016 17:32:12 GMT',
25 verbose headers   via: '1.1 varnish',
25 verbose headers   age: '217',
25 verbose headers   connection: 'keep-alive',
25 verbose headers   'x-served-by': 'cache-dfw1823-DFW',
25 verbose headers   'x-cache': 'HIT',
25 verbose headers   'x-cache-hits': '2',
25 verbose headers   'x-timer': 'S1479317532.923838,VS0,VE0',
25 verbose headers   vary: 'Accept-Encoding' }
26 silly get cb [ 200,
26 silly get   { server: 'nginx/1.10.1',
26 silly get     'content-type': 'application/json',
26 silly get     'last-modified': 'Sun, 13 Nov 2016 01:27:44 GMT',
26 silly get     etag: 'W/"5827c190-fc8c"',
26 silly get     'content-encoding': 'gzip',
26 silly get     'cache-control': 'max-age=300',
26 silly get     'content-length': '9120',
26 silly get     'accept-ranges': 'bytes',
26 silly get     date: 'Wed, 16 Nov 2016 17:32:12 GMT',
26 silly get     via: '1.1 varnish',
26 silly get     age: '217',
26 silly get     connection: 'keep-alive',
26 silly get     'x-served-by': 'cache-dfw1823-DFW',
26 silly get     'x-cache': 'HIT',
26 silly get     'x-cache-hits': '2',
26 silly get     'x-timer': 'S1479317532.923838,VS0,VE0',
26 silly get     vary: 'Accept-Encoding' } ]
27 verbose get saving handlebars to /Users/sxleal/.npm/registry.npmjs.org/handlebars/.cache.json
28 verbose correctMkdir /Users/sxleal/.npm correctMkdir not in flight; initializing
29 silly addNameTag next cb for handlebars with tag latest
30 silly addNamed handlebars@4.0.6
31 verbose addNamed "4.0.6" is a plain semver version for handlebars
32 silly mapToRegistry name handlebars
33 silly mapToRegistry using default registry
34 silly mapToRegistry registry https://registry.npmjs.org/
35 silly mapToRegistry data Result {
35 silly mapToRegistry   raw: 'handlebars',
35 silly mapToRegistry   scope: null,
35 silly mapToRegistry   name: 'handlebars',
35 silly mapToRegistry   rawSpec: '',
35 silly mapToRegistry   spec: 'latest',
35 silly mapToRegistry   type: 'tag' }
36 silly mapToRegistry uri https://registry.npmjs.org/handlebars
37 verbose addRemoteTarball https://registry.npmjs.org/handlebars/-/handlebars-4.0.6.tgz not in flight; adding
38 verbose addRemoteTarball [ 'https://registry.npmjs.org/handlebars/-/handlebars-4.0.6.tgz',
38 verbose addRemoteTarball   '2ce4484850537f9c97a8026d5399b935c4ed4ed7' ]
39 info retry fetch attempt 1 at 11:32:12 AM
40 info attempt registry request try #1 at 11:32:12 AM
41 http fetch GET https://registry.npmjs.org/handlebars/-/handlebars-4.0.6.tgz
42 http fetch 200 https://registry.npmjs.org/handlebars/-/handlebars-4.0.6.tgz
43 silly fetchAndShaCheck shasum 2ce4484850537f9c97a8026d5399b935c4ed4ed7
44 verbose addTmpTarball /var/folders/01/09xhnt0d1030xgx9k7v46v5h0000gn/T/npm-770-badc7ab7/registry.npmjs.org/handlebars/-/handlebars-4.0.6.tgz not in flight; adding
45 verbose addTmpTarball already have metadata; skipping unpack for handlebars@4.0.6
46 verbose correctMkdir /Users/sxleal/.npm correctMkdir not in flight; initializing
47 silly cache afterAdd handlebars@4.0.6
48 verbose afterAdd /Users/sxleal/.npm/handlebars/4.0.6/package/package.json not in flight; writing
49 verbose correctMkdir /Users/sxleal/.npm correctMkdir not in flight; initializing
50 verbose afterAdd /Users/sxleal/.npm/handlebars/4.0.6/package/package.json written
51 silly install resolved [ { name: 'handlebars',
51 silly install resolved     barename: 'handlebars',
51 silly install resolved     version: '4.0.6',
51 silly install resolved     description: 'Handlebars provides the power necessary to let you build semantic templates effectively with no frustration',
51 silly install resolved     homepage: 'http://www.handlebarsjs.com/',
51 silly install resolved     keywords: [ 'handlebars', 'mustache', 'template', 'html' ],
51 silly install resolved     repository:
51 silly install resolved      { type: 'git',
51 silly install resolved        url: 'git+https://github.com/wycats/handlebars.js.git' },
51 silly install resolved     author: { name: 'Yehuda Katz' },
51 silly install resolved     license: 'MIT',
51 silly install resolved     engines: { node: '>=0.4.7' },
51 silly install resolved     dependencies:
51 silly install resolved      { async: '^1.4.0',
51 silly install resolved        optimist: '^0.6.1',
51 silly install resolved        'source-map': '^0.4.4',
51 silly install resolved        'uglify-js': '^2.6' },
51 silly install resolved     optionalDependencies: { 'uglify-js': '^2.6' },
51 silly install resolved     devDependencies:
51 silly install resolved      { 'aws-sdk': '^2.1.49',
51 silly install resolved        'babel-loader': '^5.0.0',
51 silly install resolved        'babel-runtime': '^5.1.10',
51 silly install resolved        benchmark: '~1.0',
51 silly install resolved        'dustjs-linkedin': '^2.0.2',
51 silly install resolved        eco: '~1.1.0-rc-3',
51 silly install resolved        grunt: '~0.4.1',
51 silly install resolved        'grunt-babel': '^5.0.0',
51 silly install resolved        'grunt-cli': '~0.1.10',
51 silly install resolved        'grunt-contrib-clean': '0.x',
51 silly install resolved        'grunt-contrib-concat': '0.x',
51 silly install resolved        'grunt-contrib-connect': '0.x',
51 silly install resolved        'grunt-contrib-copy': '0.x',
51 silly install resolved        'grunt-contrib-requirejs': '0.x',
51 silly install resolved        'grunt-contrib-uglify': '0.x',
51 silly install resolved        'grunt-contrib-watch': '0.x',
51 silly install resolved        'grunt-eslint': '^17.1.0',
51 silly install resolved        'grunt-saucelabs': '8.x',
51 silly install resolved        'grunt-webpack': '^1.0.8',
51 silly install resolved        istanbul: '^0.3.0',
51 silly install resolved        jison: '~0.3.0',
51 silly install resolved        mocha: '~1.20.0',
51 silly install resolved        'mock-stdin': '^0.3.0',
51 silly install resolved        mustache: '^2.1.3',
51 silly install resolved        semver: '^5.0.1',
51 silly install resolved        underscore: '^1.5.1',
51 silly install resolved        webpack: '^1.12.6',
51 silly install resolved        'webpack-dev-server': '^1.12.1' },
51 silly install resolved     main: 'lib/index.js',
51 silly install resolved     bin: { handlebars: 'bin/handlebars' },
51 silly install resolved     scripts: { test: 'grunt' },
51 silly install resolved     jspm:
51 silly install resolved      { main: 'handlebars',
51 silly install resolved        directories: [Object],
51 silly install resolved        buildConfig: [Object] },
51 silly install resolved     gitHead: 'ad3037cf54132fc5f589134d3bef961a5f751973',
51 silly install resolved     bugs: { url: 'https://github.com/wycats/handlebars.js/issues' },
51 silly install resolved     _id: 'handlebars@4.0.6',
51 silly install resolved     _shasum: '2ce4484850537f9c97a8026d5399b935c4ed4ed7',
51 silly install resolved     _from: 'handlebars@latest',
51 silly install resolved     _npmVersion: '2.15.9',
51 silly install resolved     _nodeVersion: '4.6.1',
51 silly install resolved     _npmUser: { name: 'lawnsea', email: 'lawnsea@gmail.com' },
51 silly install resolved     dist:
51 silly install resolved      { shasum: '2ce4484850537f9c97a8026d5399b935c4ed4ed7',
51 silly install resolved        tarball: 'https://registry.npmjs.org/handlebars/-/handlebars-4.0.6.tgz' },
51 silly install resolved     maintainers: [ [Object], [Object], [Object], [Object] ],
51 silly install resolved     _npmOperationalInternal:
51 silly install resolved      { host: 'packages-18-east.internal.npmjs.com',
51 silly install resolved        tmp: 'tmp/handlebars-4.0.6.tgz_1479000463304_0.9163416035007685' },
51 silly install resolved     directories: {},
51 silly install resolved     _resolved: 'https://registry.npmjs.org/handlebars/-/handlebars-4.0.6.tgz' } ]
52 info install handlebars@4.0.6 into /usr/local/lib
53 info installOne handlebars@4.0.6
54 verbose installOne of handlebars to /usr/local/lib not in flight; installing
55 verbose correctMkdir /Users/sxleal/.npm/_locks correctMkdir not in flight; initializing
56 verbose lock using /Users/sxleal/.npm/_locks/handlebars-7aff9bd5423d3e89.lock for /usr/local/lib/node_modules/handlebars
57 silly install write writing handlebars 4.0.6 to /usr/local/lib/node_modules/handlebars
58 verbose unbuild lib/node_modules/handlebars
59 silly gentlyRm /usr/local/lib/node_modules/handlebars is being purged from base /usr/local
60 verbose gentlyRm don't care about contents; nuking /usr/local/lib/node_modules/handlebars
61 verbose tar unpack /Users/sxleal/.npm/handlebars/4.0.6/package.tgz
62 verbose tar unpacking to /usr/local/lib/node_modules/handlebars
63 silly gentlyRm /usr/local/lib/node_modules/handlebars is being purged
64 verbose gentlyRm don't care about contents; nuking /usr/local/lib/node_modules/handlebars
65 silly gunzTarPerm modes [ '755', '644' ]
66 error tar.unpack untar error /Users/sxleal/.npm/handlebars/4.0.6/package.tgz
67 verbose unlock done using /Users/sxleal/.npm/_locks/handlebars-7aff9bd5423d3e89.lock for /usr/local/lib/node_modules/handlebars
68 verbose fstream_path /usr/local/lib/node_modules/handlebars
69 verbose fstream_type Directory
70 verbose fstream_class DirWriter
71 verbose stack Error: EACCES: permission denied, mkdir '/usr/local/lib/node_modules/handlebars'
71 verbose stack     at Error (native)
72 verbose fstream_stack /usr/local/lib/node_modules/npm/node_modules/fstream/lib/dir-writer.js:35:25
72 verbose fstream_stack /usr/local/lib/node_modules/npm/node_modules/mkdirp/index.js:47:53
72 verbose fstream_stack FSReqWrap.oncomplete (fs.js:82:15)
73 verbose cwd /Users/sxleal/Desktop/Bootcamp/W14_Handlebar/Homework/week-14-eatDaBurger
74 error Darwin 16.1.0
75 error argv "/usr/local/bin/node" "/usr/local/bin/npm" "install" "handlebars" "-g"
76 error node v4.6.0
77 error npm  v2.15.9
78 error path /usr/local/lib/node_modules/handlebars
79 error code EACCES
80 error errno -13
81 error syscall mkdir
82 error Error: EACCES: permission denied, mkdir '/usr/local/lib/node_modules/handlebars'
82 error     at Error (native)
82 error  { [Error: EACCES: permission denied, mkdir '/usr/local/lib/node_modules/handlebars']
82 error   errno: -13,
82 error   code: 'EACCES',
82 error   syscall: 'mkdir',
82 error   path: '/usr/local/lib/node_modules/handlebars',
82 error   fstream_type: 'Directory',
82 error   fstream_path: '/usr/local/lib/node_modules/handlebars',
82 error   fstream_class: 'DirWriter',
82 error   fstream_stack:
82 error    [ '/usr/local/lib/node_modules/npm/node_modules/fstream/lib/dir-writer.js:35:25',
82 error      '/usr/local/lib/node_modules/npm/node_modules/mkdirp/index.js:47:53',
82 error      'FSReqWrap.oncomplete (fs.js:82:15)' ] }
83 error Please try running this command again as root/Administrator.
84 verbose exit [ -13, true ]
85 verbose unbuild lib/node_modules/handlebars
86 silly gentlyRm /usr/local/lib/node_modules/handlebars is being purged from base /usr/local
87 verbose gentlyRm don't care about contents; nuking /usr/local/lib/node_modules/handlebars
